[0.329s] Invoking command in '/home/yujiro22/ros2_ws/build/person_msgs': /usr/bin/cmake --build /home/yujiro22/ros2_ws/build/person_msgs -- -j8 -l8
[0.388s] -- Found ament_cmake: 1.3.5 (/opt/ros/humble/share/ament_cmake/cmake)
[0.636s] -- Found rosidl_default_generators: 1.2.0 (/opt/ros/humble/share/rosidl_default_generators/cmake)
[0.642s] -- Using all available rosidl_typesupport_c: rosidl_typesupport_fastrtps_c;rosidl_typesupport_introspection_c
[0.655s] -- Found rosidl_adapter: 3.1.5 (/opt/ros/humble/share/rosidl_adapter/cmake)
[1.004s] -- Using all available rosidl_typesupport_cpp: rosidl_typesupport_fastrtps_cpp;rosidl_typesupport_introspection_cpp
[1.244s] Error parsing '/home/yujiro22/ros2_ws/src/person_msgs/package.xml':
[1.303s] Traceback (most recent call last):
[1.303s]   File "/opt/ros/humble/share/ament_cmake_core/cmake/core/package_xml_2_cmake.py", line 150, in <module>
[1.303s]     main()
[1.303s]   File "/opt/ros/humble/share/ament_cmake_core/cmake/core/package_xml_2_cmake.py", line 53, in main
[1.303s]     raise e
[1.303s]   File "/opt/ros/humble/share/ament_cmake_core/cmake/core/package_xml_2_cmake.py", line 49, in main
[1.304s]     package = parse_package_string(
[1.304s]   File "/usr/lib/python3/dist-packages/catkin_pkg/package.py", line 788, in parse_package_string
[1.306s]     pkg.validate(warnings=warnings)
[1.306s]   File "/usr/lib/python3/dist-packages/catkin_pkg/package.py", line 330, in validate
[1.306s]     raise InvalidPackage('\n'.join(errors), self.filename)
[1.306s] catkin_pkg.package.InvalidPackage: Error(s) in package '/home/yujiro22/ros2_ws/src/person_msgs/package.xml':
[1.307s] The package "person_msgs" must not "exec_depend" on a package with the same name as this package
[1.321s] [31mCMake Error at /opt/ros/humble/share/ament_cmake_core/cmake/core/ament_package_xml.cmake:95 (message):
[1.321s]   execute_process(/usr/bin/python3.10
[1.321s]   /opt/ros/humble/share/ament_cmake_core/cmake/core/package_xml_2_cmake.py
[1.321s]   /home/yujiro22/ros2_ws/src/person_msgs/package.xml
[1.321s]   /home/yujiro22/ros2_ws/build/person_msgs/ament_cmake_core/package.cmake)
[1.321s]   returned error code 1
[1.321s] Call Stack (most recent call first):
[1.321s]   /opt/ros/humble/share/ament_cmake_core/cmake/core/ament_package_xml.cmake:49 (_ament_package_xml)
[1.322s]   /opt/ros/humble/share/rosidl_cmake/cmake/rosidl_generate_interfaces.cmake:226 (ament_package_xml)
[1.322s]   CMakeLists.txt:11 (rosidl_generate_interfaces)
[1.322s] 
[1.322s] [0m
[1.322s] -- Configuring incomplete, errors occurred!
[1.322s] See also "/home/yujiro22/ros2_ws/build/person_msgs/CMakeFiles/CMakeOutput.log".
[1.328s] gmake: *** [Makefile:747: cmake_check_build_system] Error 1
[1.331s] Invoked command in '/home/yujiro22/ros2_ws/build/person_msgs' returned '2': /usr/bin/cmake --build /home/yujiro22/ros2_ws/build/person_msgs -- -j8 -l8
